2025-08-07T06:40:34.056Z  INFO 1 --- [main] c.e.adplatform.AdPlatformApplication     : Starting AdPlatformApplication using Java 21.0.8 with PID 1 (/app started by root in /)
2025-08-07T06:40:34.060Z DEBUG 1 --- [main] c.e.adplatform.AdPlatformApplication     : Running with Spring Boot v3.1.5, Spring v6.0.13
2025-08-07T06:40:34.061Z  INFO 1 --- [main] c.e.adplatform.AdPlatformApplication     : The following 1 profile is active: "docker"
2025-08-07T06:40:34.388Z  INFO 1 --- [main] .s.d.r.c.RepositoryConfigurationDelegate : Bootstrapping Spring Data JPA repositories in DEFAULT mode.
2025-08-07T06:40:34.423Z  INFO 1 --- [main] .s.d.r.c.RepositoryConfigurationDelegate : Finished Spring Data repository scanning in 30 ms. Found 2 JPA repository interfaces.
2025-08-07T06:40:34.701Z  INFO 1 --- [main] o.s.b.w.embedded.tomcat.TomcatWebServer  : Tomcat initialized with port(s): 8080 (http)
2025-08-07T06:40:34.707Z  INFO 1 --- [main] o.apache.catalina.core.StandardService   : Starting service [Tomcat]
2025-08-07T06:40:34.707Z  INFO 1 --- [main] o.apache.catalina.core.StandardEngine    : Starting Servlet engine: [Apache Tomcat/10.1.15]
2025-08-07T06:40:34.759Z  INFO 1 --- [main] o.a.c.c.C.[Tomcat].[localhost].[/api]    : Initializing Spring embedded WebApplicationContext
2025-08-07T06:40:34.759Z  INFO 1 --- [main] w.s.c.ServletWebServerApplicationContext : Root WebApplicationContext: initialization completed in 668 ms
2025-08-07T06:40:34.773Z  INFO 1 --- [main] com.zaxxer.hikari.HikariDataSource       : HikariPool-1 - Starting...
2025-08-07T06:40:34.862Z  INFO 1 --- [main] com.zaxxer.hikari.pool.HikariPool        : HikariPool-1 - Added connection conn0: url=jdbc:h2:mem:addb user=SA
2025-08-07T06:40:34.863Z  INFO 1 --- [main] com.zaxxer.hikari.HikariDataSource       : HikariPool-1 - Start completed.
2025-08-07T06:40:34.868Z  INFO 1 --- [main] o.s.b.a.h2.H2ConsoleAutoConfiguration    : H2 console available at '/h2-console'. Database available at 'jdbc:h2:mem:addb'
2025-08-07T06:40:34.948Z  INFO 1 --- [main] o.hibernate.jpa.internal.util.LogHelper  : HHH000204: Processing PersistenceUnitInfo [name: default]
2025-08-07T06:40:34.985Z  INFO 1 --- [main] org.hibernate.Version                    : HHH000412: Hibernate ORM core version 6.2.13.Final
2025-08-07T06:40:34.986Z  INFO 1 --- [main] org.hibernate.cfg.Environment            : HHH000406: Using bytecode reflection optimizer
2025-08-07T06:40:35.103Z  INFO 1 --- [main] o.s.o.j.p.SpringPersistenceUnitInfo      : No LoadTimeWeaver setup: ignoring JPA class transformer
2025-08-07T06:40:35.123Z  WARN 1 --- [main] org.hibernate.orm.deprecation            : HHH90000025: H2Dialect does not need to be specified explicitly using 'hibernate.dialect' (remove the property setting and it will be selected by default)
2025-08-07T06:40:35.492Z  INFO 1 --- [main] o.h.e.t.j.p.i.JtaPlatformInitiator       : HHH000489: No JTA platform available (set 'hibernate.transaction.jta.platform' to enable JTA platform integration)
2025-08-07T06:40:35.511Z DEBUG 1 --- [main] org.hibernate.SQL                        : 
    create table advertisement_bio_targets (
        advertisement_id bigint not null,
        education_level varchar(255),
        gender varchar(255) check (gender in ('MALE','FEMALE','OTHER','ALL')),
        include boolean not null,
        interest_category varchar(255),
        language varchar(255),
        max_age integer,
        min_age integer,
        occupation varchar(255)
    )
2025-08-07T06:40:35.513Z DEBUG 1 --- [main] org.hibernate.SQL                        : 
    create table advertisement_geo_targets (
        advertisement_id bigint not null,
        city varchar(255),
        country_code varchar(255) not null,
        include boolean not null,
        latitude float(53),
        longitude float(53),
        radius_km integer,
        region varchar(255)
    )
2025-08-07T06:40:35.514Z DEBUG 1 --- [main] org.hibernate.SQL                        : 
    create table advertisement_mood_targets (
        advertisement_id bigint not null,
        day_of_week varchar(255),
        include boolean not null,
        intensity_max integer,
        intensity_min integer,
        mood varchar(255) not null check (mood in ('HAPPY','SAD','EXCITED','RELAXED','STRESSED','BORED','FOCUSED','TIRED','ENERGETIC','NEUTRAL')),
        season varchar(255),
        time_of_day varchar(255)
    )
2025-08-07T06:40:35.515Z DEBUG 1 --- [main] org.hibernate.SQL                        : 
    create table advertisements (
        id bigint generated by default as identity,
        active boolean not null,
        content varchar(255) not null,
        created_at timestamp(6) not null,
        description varchar(1000),
        source varchar(255) not null check (source in ('STORAGE','YOUTUBE')),
        source_identifier varchar(255) not null,
        title varchar(255) not null,
        updated_at timestamp(6) not null,
        primary key (id)
    )
2025-08-07T06:40:35.517Z DEBUG 1 --- [main] org.hibernate.SQL                        : 
    alter table if exists advertisement_bio_targets 
       add constraint FKgqgw1rq1yy3nxn4enrapu94xb 
       foreign key (advertisement_id) 
       references advertisements
2025-08-07T06:40:35.519Z DEBUG 1 --- [main] org.hibernate.SQL                        : 
    alter table if exists advertisement_geo_targets 
       add constraint FK5xv2j2tiqr29f8bhbwqp7p0ji 
       foreign key (advertisement_id) 
       references advertisements
2025-08-07T06:40:35.520Z DEBUG 1 --- [main] org.hibernate.SQL                        : 
    alter table if exists advertisement_mood_targets 
       add constraint FKlv5ukujg1uw37a5l426mm22gl 
       foreign key (advertisement_id) 
       references advertisements
2025-08-07T06:40:35.521Z  INFO 1 --- [main] j.LocalContainerEntityManagerFactoryBean : Initialized JPA EntityManagerFactory for persistence unit 'default'
2025-08-07T06:40:35.637Z  WARN 1 --- [main] ocalVariableTableParameterNameDiscoverer : Using deprecated '-debug' fallback for parameter name resolution. Compile the affected code with '-parameters' instead or avoid its introspection: com.example.adplatform.infrastructure.persistence.repository.AdvertisementJpaRepository
2025-08-07T06:40:35.694Z  INFO 1 --- [main] o.s.d.j.r.query.QueryEnhancerFactory     : Hibernate is in classpath; If applicable, HQL parser will be used.
2025-08-07T06:40:35.948Z  WARN 1 --- [main] JpaBaseConfiguration$JpaWebConfiguration : spring.jpa.open-in-view is enabled by default. Therefore, database queries may be performed during view rendering. Explicitly configure spring.jpa.open-in-view to disable this warning
2025-08-07T06:40:36.095Z  WARN 1 --- [main] ocalVariableTableParameterNameDiscoverer : Using deprecated '-debug' fallback for parameter name resolution. Compile the affected code with '-parameters' instead or avoid its introspection: com.example.adplatform.repository.AdvertisementRepository
2025-08-07T06:40:36.138Z  INFO 1 --- [main] o.s.b.w.embedded.tomcat.TomcatWebServer  : Tomcat started on port(s): 8080 (http) with context path '/api'
2025-08-07T06:40:36.142Z  INFO 1 --- [main] c.e.adplatform.AdPlatformApplication     : Started AdPlatformApplication in 2.28 seconds (process running for 2.533)
2025-08-07T06:41:03.684Z  INFO 1 --- [http-nio-8080-exec-1] o.a.c.c.C.[Tomcat].[localhost].[/api]    : Initializing Spring DispatcherServlet 'dispatcherServlet'
2025-08-07T06:41:03.685Z  INFO 1 --- [http-nio-8080-exec-1] o.s.web.servlet.DispatcherServlet        : Initializing Servlet 'dispatcherServlet'
2025-08-07T06:41:03.686Z  INFO 1 --- [http-nio-8080-exec-1] o.s.web.servlet.DispatcherServlet        : Completed initialization in 1 ms
2025-08-07T06:41:03.699Z DEBUG 1 --- [http-nio-8080-exec-1] c.e.a.i.w.c.AdvertisementController      : REST request to get all advertisements
2025-08-07T06:41:03.745Z DEBUG 1 --- [http-nio-8080-exec-1] org.hibernate.SQL                        : 
    select
        a1_0.id,
        a1_0.active,
        a1_0.content,
        a1_0.created_at,
        a1_0.description,
        a1_0.source,
        a1_0.source_identifier,
        a1_0.title,
        a1_0.updated_at 
    from
        advertisements a1_0
2025-08-07T06:41:33.792Z DEBUG 1 --- [http-nio-8080-exec-2] c.e.a.i.w.c.AdvertisementController      : REST request to get all advertisements
2025-08-07T06:41:33.793Z DEBUG 1 --- [http-nio-8080-exec-2] org.hibernate.SQL                        : 
    select
        a1_0.id,
        a1_0.active,
        a1_0.content,
        a1_0.created_at,
        a1_0.description,
        a1_0.source,
        a1_0.source_identifier,
        a1_0.title,
        a1_0.updated_at 
    from
        advertisements a1_0
2025-08-07T06:42:03.830Z DEBUG 1 --- [http-nio-8080-exec-4] c.e.a.i.w.c.AdvertisementController      : REST request to get all advertisements
2025-08-07T06:42:03.832Z DEBUG 1 --- [http-nio-8080-exec-4] org.hibernate.SQL                        : 
    select
        a1_0.id,
        a1_0.active,
        a1_0.content,
        a1_0.created_at,
        a1_0.description,
        a1_0.source,
        a1_0.source_identifier,
        a1_0.title,
        a1_0.updated_at 
    from
        advertisements a1_0
2025-08-07T06:42:33.877Z DEBUG 1 --- [http-nio-8080-exec-6] c.e.a.i.w.c.AdvertisementController      : REST request to get all advertisements
2025-08-07T06:42:33.879Z DEBUG 1 --- [http-nio-8080-exec-6] org.hibernate.SQL                        : 
    select
        a1_0.id,
        a1_0.active,
        a1_0.content,
        a1_0.created_at,
        a1_0.description,
        a1_0.source,
        a1_0.source_identifier,
        a1_0.title,
        a1_0.updated_at 
    from
        advertisements a1_0
2025-08-07T06:43:03.934Z DEBUG 1 --- [http-nio-8080-exec-8] c.e.a.i.w.c.AdvertisementController      : REST request to get all advertisements
2025-08-07T06:43:03.936Z DEBUG 1 --- [http-nio-8080-exec-8] org.hibernate.SQL                        : 
    select
        a1_0.id,
        a1_0.active,
        a1_0.content,
        a1_0.created_at,
        a1_0.description,
        a1_0.source,
        a1_0.source_identifier,
        a1_0.title,
        a1_0.updated_at 
    from
        advertisements a1_0
2025-08-07T06:43:33.989Z DEBUG 1 --- [http-nio-8080-exec-10] c.e.a.i.w.c.AdvertisementController      : REST request to get all advertisements
2025-08-07T06:43:33.991Z DEBUG 1 --- [http-nio-8080-exec-10] org.hibernate.SQL                        : 
    select
        a1_0.id,
        a1_0.active,
        a1_0.content,
        a1_0.created_at,
        a1_0.description,
        a1_0.source,
        a1_0.source_identifier,
        a1_0.title,
        a1_0.updated_at 
    from
        advertisements a1_0
2025-08-07T06:44:04.031Z DEBUG 1 --- [http-nio-8080-exec-2] c.e.a.i.w.c.AdvertisementController      : REST request to get all advertisements
2025-08-07T06:44:04.034Z DEBUG 1 --- [http-nio-8080-exec-2] org.hibernate.SQL                        : 
    select
        a1_0.id,
        a1_0.active,
        a1_0.content,
        a1_0.created_at,
        a1_0.description,
        a1_0.source,
        a1_0.source_identifier,
        a1_0.title,
        a1_0.updated_at 
    from
        advertisements a1_0
2025-08-07T06:44:34.084Z DEBUG 1 --- [http-nio-8080-exec-4] c.e.a.i.w.c.AdvertisementController      : REST request to get all advertisements
2025-08-07T06:44:34.087Z DEBUG 1 --- [http-nio-8080-exec-4] org.hibernate.SQL                        : 
    select
        a1_0.id,
        a1_0.active,
        a1_0.content,
        a1_0.created_at,
        a1_0.description,
        a1_0.source,
        a1_0.source_identifier,
        a1_0.title,
        a1_0.updated_at 
    from
        advertisements a1_0
2025-08-07T06:45:04.156Z DEBUG 1 --- [http-nio-8080-exec-6] c.e.a.i.w.c.AdvertisementController      : REST request to get all advertisements
2025-08-07T06:45:04.158Z DEBUG 1 --- [http-nio-8080-exec-6] org.hibernate.SQL                        : 
    select
        a1_0.id,
        a1_0.active,
        a1_0.content,
        a1_0.created_at,
        a1_0.description,
        a1_0.source,
        a1_0.source_identifier,
        a1_0.title,
        a1_0.updated_at 
    from
        advertisements a1_0
2025-08-07T06:45:34.214Z DEBUG 1 --- [http-nio-8080-exec-8] c.e.a.i.w.c.AdvertisementController      : REST request to get all advertisements
2025-08-07T06:45:34.216Z DEBUG 1 --- [http-nio-8080-exec-8] org.hibernate.SQL                        : 
    select
        a1_0.id,
        a1_0.active,
        a1_0.content,
        a1_0.created_at,
        a1_0.description,
        a1_0.source,
        a1_0.source_identifier,
        a1_0.title,
        a1_0.updated_at 
    from
        advertisements a1_0
2025-08-07T06:46:04.262Z DEBUG 1 --- [http-nio-8080-exec-10] c.e.a.i.w.c.AdvertisementController      : REST request to get all advertisements
2025-08-07T06:46:04.264Z DEBUG 1 --- [http-nio-8080-exec-10] org.hibernate.SQL                        : 
    select
        a1_0.id,
        a1_0.active,
        a1_0.content,
        a1_0.created_at,
        a1_0.description,
        a1_0.source,
        a1_0.source_identifier,
        a1_0.title,
        a1_0.updated_at 
    from
        advertisements a1_0
2025-08-07T06:46:34.320Z DEBUG 1 --- [http-nio-8080-exec-2] c.e.a.i.w.c.AdvertisementController      : REST request to get all advertisements
2025-08-07T06:46:34.321Z DEBUG 1 --- [http-nio-8080-exec-2] org.hibernate.SQL                        : 
    select
        a1_0.id,
        a1_0.active,
        a1_0.content,
        a1_0.created_at,
        a1_0.description,
        a1_0.source,
        a1_0.source_identifier,
        a1_0.title,
        a1_0.updated_at 
    from
        advertisements a1_0
2025-08-07T06:47:04.375Z DEBUG 1 --- [http-nio-8080-exec-4] c.e.a.i.w.c.AdvertisementController      : REST request to get all advertisements
2025-08-07T06:47:04.376Z DEBUG 1 --- [http-nio-8080-exec-4] org.hibernate.SQL                        : 
    select
        a1_0.id,
        a1_0.active,
        a1_0.content,
        a1_0.created_at,
        a1_0.description,
        a1_0.source,
        a1_0.source_identifier,
        a1_0.title,
        a1_0.updated_at 
    from
        advertisements a1_0
2025-08-07T06:47:34.426Z DEBUG 1 --- [http-nio-8080-exec-6] c.e.a.i.w.c.AdvertisementController      : REST request to get all advertisements
2025-08-07T06:47:34.427Z DEBUG 1 --- [http-nio-8080-exec-6] org.hibernate.SQL                        : 
    select
        a1_0.id,
        a1_0.active,
        a1_0.content,
        a1_0.created_at,
        a1_0.description,
        a1_0.source,
        a1_0.source_identifier,
        a1_0.title,
        a1_0.updated_at 
    from
        advertisements a1_0
2025-08-07T06:48:04.518Z DEBUG 1 --- [http-nio-8080-exec-8] c.e.a.i.w.c.AdvertisementController      : REST request to get all advertisements
2025-08-07T06:48:04.522Z DEBUG 1 --- [http-nio-8080-exec-8] org.hibernate.SQL                        : 
    select
        a1_0.id,
        a1_0.active,
        a1_0.content,
        a1_0.created_at,
        a1_0.description,
        a1_0.source,
        a1_0.source_identifier,
        a1_0.title,
        a1_0.updated_at 
    from
        advertisements a1_0
2025-08-07T06:48:34.587Z DEBUG 1 --- [http-nio-8080-exec-9] c.e.a.i.w.c.AdvertisementController      : REST request to get all advertisements
2025-08-07T06:48:34.589Z DEBUG 1 --- [http-nio-8080-exec-9] org.hibernate.SQL                        : 
    select
        a1_0.id,
        a1_0.active,
        a1_0.content,
        a1_0.created_at,
        a1_0.description,
        a1_0.source,
        a1_0.source_identifier,
        a1_0.title,
        a1_0.updated_at 
    from
        advertisements a1_0
2025-08-07T06:49:04.645Z DEBUG 1 --- [http-nio-8080-exec-1] c.e.a.i.w.c.AdvertisementController      : REST request to get all advertisements
2025-08-07T06:49:04.646Z DEBUG 1 --- [http-nio-8080-exec-1] org.hibernate.SQL                        : 
    select
        a1_0.id,
        a1_0.active,
        a1_0.content,
        a1_0.created_at,
        a1_0.description,
        a1_0.source,
        a1_0.source_identifier,
        a1_0.title,
        a1_0.updated_at 
    from
        advertisements a1_0
2025-08-07T06:49:23.797Z  INFO 1 --- [SpringApplicationShutdownHook] j.LocalContainerEntityManagerFactoryBean : Closing JPA EntityManagerFactory for persistence unit 'default'
2025-08-07T06:49:23.800Z  INFO 1 --- [SpringApplicationShutdownHook] com.zaxxer.hikari.HikariDataSource       : HikariPool-1 - Shutdown initiated...
2025-08-07T06:49:23.802Z  INFO 1 --- [SpringApplicationShutdownHook] com.zaxxer.hikari.HikariDataSource       : HikariPool-1 - Shutdown completed.
